<?xml version="1.0" encoding="UTF-8"?>
<testsuite name="org.example.service.TodoServiceTest" tests="1" skipped="0" failures="0" errors="0" timestamp="2021-10-20T07:02:52" hostname="LAPTOP-I7DV29LL" time="3.363">
  <properties/>
  <testcase name="searchByIdFailed()" classname="org.example.service.TodoServiceTest" time="3.363"/>
  <system-out><![CDATA[]]></system-out>
  <system-err><![CDATA[]]></system-err>
</testsuite>
